<?xml version="1.0" encoding="UTF-8"?>
<!-- Generated by org.testng.reporters.JUnitReportReporter -->
<testsuite hostname="DESKTOP-S76SA9N" failures="3" tests="5" name="com.nexsoft.runner.NewListNameRunner" time="113.322" errors="0" timestamp="2022-06-24T14:28:05 ICT" skipped="0">
  <testcase classname="com.nexsoft.runner.NewListNameRunner" name="runScenario" time="22.283">
    <failure message="expected [true] but found [false]" type="java.lang.AssertionError">
      <![CDATA[java.lang.AssertionError: expected [true] but found [false]
at org.testng.Assert.fail(Assert.java:110)
at org.testng.Assert.failNotEquals(Assert.java:1413)
at org.testng.Assert.assertTrue(Assert.java:56)
at org.testng.Assert.assertTrue(Assert.java:66)
at com.nexsoft.definitions.NewListName.showHeaderList(NewListName.java:133)
at ✽.New list name showed in header(file:///D:/Project/Java/TestNG/FirstList/src/test/resources/features/NewListName.feature:24)
]]>
    </failure>
  </testcase> <!-- runScenario -->
  <system-out>
    <![CDATA[<img src='file://D:\Project\Java\TestNG\FirstList\src\test\resources\SS\20220624_142718.PNG'height="350" width="792"/>]]>
  </system-out>
  <testcase classname="com.nexsoft.runner.NewListNameRunner" name="runScenario" time="21.757">
    <failure message="expected [true] but found [false]" type="java.lang.AssertionError">
      <![CDATA[java.lang.AssertionError: expected [true] but found [false]
at org.testng.Assert.fail(Assert.java:110)
at org.testng.Assert.failNotEquals(Assert.java:1413)
at org.testng.Assert.assertTrue(Assert.java:56)
at org.testng.Assert.assertTrue(Assert.java:66)
at com.nexsoft.definitions.NewListName.showHeaderList(NewListName.java:133)
at ✽.New list name showed in header(file:///D:/Project/Java/TestNG/FirstList/src/test/resources/features/NewListName.feature:17)
]]>
    </failure>
  </testcase> <!-- runScenario -->
  <system-out>
    <![CDATA[<img src='file://D:\Project\Java\TestNG\FirstList\src\test\resources\SS\20220624_142656.PNG'height="350" width="792"/>]]>
  </system-out>
  <testcase classname="com.nexsoft.runner.NewListNameRunner" name="runScenario" time="24.198"/>
  <system-out>
    <![CDATA[<img src='file://D:\Project\Java\TestNG\FirstList\src\test\resources\SS\20220624_142805.PNG'height="350" width="792"/>]]>
  </system-out>
  <testcase classname="com.nexsoft.runner.NewListNameRunner" name="runScenario" time="22.294">
    <failure message="expected [true] but found [false]" type="java.lang.AssertionError">
      <![CDATA[java.lang.AssertionError: expected [true] but found [false]
at org.testng.Assert.fail(Assert.java:110)
at org.testng.Assert.failNotEquals(Assert.java:1413)
at org.testng.Assert.assertTrue(Assert.java:56)
at org.testng.Assert.assertTrue(Assert.java:66)
at com.nexsoft.definitions.NewListName.showHeaderList(NewListName.java:133)
at ✽.New list name showed in header(file:///D:/Project/Java/TestNG/FirstList/src/test/resources/features/NewListName.feature:31)
]]>
    </failure>
  </testcase> <!-- runScenario -->
  <system-out>
    <![CDATA[<img src='file://D:\Project\Java\TestNG\FirstList\src\test\resources\SS\20220624_142740.PNG'height="350" width="792"/>]]>
  </system-out>
  <testcase classname="com.nexsoft.runner.NewListNameRunner" name="runScenario" time="22.790"/>
  <system-out>
    <![CDATA[<img src='file://D:\Project\Java\TestNG\FirstList\src\test\resources\SS\20220624_142634.PNG'height="350" width="792"/>]]>
  </system-out>
</testsuite> <!-- com.nexsoft.runner.NewListNameRunner -->
